2023-04-02 23:22:30.785108 - Initialized conversion of CBT314
2023-04-02 23:22:32.719073 - Received SBGOLOB.CBT505.FILE314 from FILE314.XMI 
2023-04-02 23:22:32.721872 - Found $$$#DATE.txt (text/plain) in SBGOLOB.CBT505.FILE314, moved to FILE314/$$$#DATE
2023-04-02 23:22:32.723223 - Found $$NOTE01.txt (text/plain) in SBGOLOB.CBT505.FILE314, moved to FILE314/$$NOTE01
2023-04-02 23:22:32.724330 - Found $DOC.txt (text/plain) in SBGOLOB.CBT505.FILE314, moved to FILE314/$DOC
2023-04-02 23:22:32.725695 - Found @FILE314.txt (text/plain) in SBGOLOB.CBT505.FILE314, moved to FILE314/@FILE314
2023-04-02 23:22:32.743955 - Found TXT2CSV.xmi (application/xmit) in SBGOLOB.CBT505.FILE314
2023-04-02 23:22:32.748882   - Received to CBT314/LIONEL.EXEC
2023-04-02 23:22:32.750138 - Found TXT2HTC$.txt (text/plain) in SBGOLOB.CBT505.FILE314, moved to FILE314/TXT2HTC$
2023-04-02 23:22:32.750154 - Found TXT2HTML.x-mp4a-latm containing audio/x-mp4a-latm, moved to FILE314/TXT2HTML
2023-04-02 23:22:32.751406 - Found TXT2PDF.x-mp4a-latm containing audio/x-mp4a-latm, moved to FILE314/TXT2PDF
2023-04-02 23:22:32.760736 - De-xmi-ed TXT2PDF# to CBT314/docs/TXT2PDF#.pdf
2023-04-02 23:22:32.763911 - De-xmi-ed TXT2PDF@ to CBT314/docs/TXT2PDF@.doc
2023-04-02 23:22:32.765130 - Found TXT2PDFH.txt (text/plain) in SBGOLOB.CBT505.FILE314, moved to FILE314/TXT2PDFH
2023-04-02 23:22:32.802702 - Found TXT2RTF.xmi (application/xmit) in SBGOLOB.CBT505.FILE314
2023-04-02 23:22:32.808709   - Received to CBT314/LIONEL.EXEC
2023-04-02 23:22:32.809868 - Found TXT2RTF$.txt (text/plain) in SBGOLOB.CBT505.FILE314, moved to FILE314/TXT2RTF$
2023-04-02 23:22:32.810856 - Found UIDLIST.rexx (text/plain) in SBGOLOB.CBT505.FILE314, moved to FILE314/UIDLIST
2023-04-02 23:22:32.836135 - Found USSBATCH.xmi (application/xmit) in SBGOLOB.CBT505.FILE314
2023-04-02 23:22:32.843015   - Received to CBT314/USSBATCH.PDS
2023-04-02 23:22:32.844251 - Found VB2FB.rexx (text/plain) in SBGOLOB.CBT505.FILE314, moved to FILE314/VB2FB
2023-04-02 23:22:32.845303 - Found VCURSOR.rexx (text/plain) in SBGOLOB.CBT505.FILE314, moved to FILE314/VCURSOR
2023-04-02 23:22:32.846254 - Found VCURSOR1.rexx (text/plain) in SBGOLOB.CBT505.FILE314, moved to FILE314/VCURSOR1
2023-04-02 23:22:32.847236 - Found WHOSON.rexx (text/plain) in SBGOLOB.CBT505.FILE314, moved to FILE314/WHOSON
2023-04-02 23:22:32.848286 - Found WORDNUM.rexx (text/plain) in SBGOLOB.CBT505.FILE314, moved to FILE314/WORDNUM
2023-04-02 23:22:32.849262 - Found XIT.rexx (text/plain) in SBGOLOB.CBT505.FILE314, moved to FILE314/XIT
2023-04-02 23:22:32.850231 - Found XMIAFREN.html (text/html) in SBGOLOB.CBT505.FILE314, moved to FILE314/XMIAFREN
2023-04-02 23:22:32.850244 - Found XMITB64.x-mp4a-latm containing audio/x-mp4a-latm, moved to FILE314/XMITB64
2023-04-02 23:22:32.852588 - Found XMITFREN.html (text/html) in SBGOLOB.CBT505.FILE314, moved to FILE314/XMITFREN
2023-04-02 23:22:32.854000 - Found XMITIHST.txt (text/plain) in SBGOLOB.CBT505.FILE314, moved to FILE314/XMITIHST
2023-04-02 23:22:32.856258 - De-xmi-ed XMITINS# to CBT314/docs/XMITINS#.pdf
2023-04-02 23:22:32.858582 - De-xmi-ed XMITINS@ to CBT314/docs/XMITINS@.doc
2023-04-02 23:22:33.758015 - Found XMITIP.xmi (application/xmit) in SBGOLOB.CBT505.FILE314
2023-04-02 23:22:33.844169   - Received to CBT314/XMITIP.PDS
2023-04-02 23:22:33.844310 - Found XMITIP$.bin containing application/octet-stream, moved to FILE314/XMITIP$
2023-04-02 23:22:33.846410 - Found XMITIP$$.txt (text/plain) in SBGOLOB.CBT505.FILE314, moved to FILE314/XMITIP$$
2023-04-02 23:22:33.850013 - De-xmi-ed XMITIP# to CBT314/docs/XMITIP#.pdf
2023-04-02 23:22:33.852485 - De-xmi-ed XMITIP@ to CBT314/docs/XMITIP@.doc
2023-04-02 23:22:33.855169 - Found XMITIPR.rtf (text/rtf) in SBGOLOB.CBT505.FILE314, moved to FILE314/XMITIPR
2023-04-02 23:22:33.856574 - Found XMITVM.rexx (text/plain) in SBGOLOB.CBT505.FILE314, moved to FILE314/XMITVM
2023-04-02 23:22:33.858299 - De-xmi-ed XMITXLAT to CBT314/docs/XMITXLAT.pdf
2023-04-02 23:22:33.883394 - Found ZCLONE.xmi (application/xmit) in SBGOLOB.CBT505.FILE314
2023-04-02 23:22:33.889575   - Received to CBT314/ZCLONE.PDS
2023-04-02 23:22:33.889671 - Found ZFSTOOLS.x-mp4a-latm containing audio/x-mp4a-latm, moved to FILE314/ZFSTOOLS
2023-04-02 23:22:33.892198 - Found ZOOM.rexx (text/plain) in SBGOLOB.CBT505.FILE314, moved to FILE314/ZOOM
2023-04-02 23:22:33.910932 - Found ZOSLOG.xmi (application/xmit) in SBGOLOB.CBT505.FILE314
2023-04-02 23:22:33.918025   - Received to CBT314/ZOSLOG.PDS
2023-04-02 23:22:33.953561 - Found ZSTART.xmi (application/xmit) in SBGOLOB.CBT505.FILE314
2023-04-02 23:22:33.961727   - Received to CBT314/ZSTART.PDS
2023-04-02 23:22:33.961845 - Found ZSYNC.x-mp4a-latm containing audio/x-mp4a-latm, moved to FILE314/ZSYNC
2023-04-02 23:22:33.963515 - Found ZTSOHELP.x-mp4a-latm containing audio/x-mp4a-latm, moved to FILE314/ZTSOHELP
